
> my-v0-project@0.1.0 build
> next build

   ▲ Next.js 16.0.0 (Turbopack)

   Creating an optimized production build ...
 ✓ Compiled successfully in 5.7s
   Skipping validation of types
   Collecting page data ...
   Generating static pages (0/11) ...
   Generating static pages (2/11) 
   Generating static pages (5/11) 
   Generating static pages (8/11) 
 ✓ Generating static pages (11/11) in 819.7ms
   Finalizing page optimization ...

Route (app)
┌ ○ /
├ ○ /_not-found
├ ○ /admin
├ ○ /auth/login
├ ○ /auth/register
├ ○ /checkout
├ ○ /delivery
├ ○ /favorites
├ ○ /kitchen
├ ƒ /kitchen/[id]
├ ○ /orders
└ ƒ /restaurant/[id]


ƒ Proxy (Middleware)

○  (Static)   prerendered as static content
ƒ  (Dynamic)  server-rendered on demand

